<?xml version="1.0" encoding="UTF-8"?>
<!-- Generated by org.testng.reporters.JUnitReportReporter -->
<testsuite hostname="GopinathKumsi" failures="0" tests="1" name="com.pipeline.First" time="11.304" errors="0" timestamp="2020-10-09T17:03:59 IST" skipped="0">
  <testcase classname="com.pipeline.First" name="getBrowserlaunch" time="11.304"/>
</testsuite> <!-- com.pipeline.First -->
